<?xml version="1.0" encoding="UTF-8"?>
<testsuite xmlns:xsi="http://www.w3.org/2001/XMLSchema-instance" xsi:noNamespaceSchemaLocation="https://maven.apache.org/surefire/maven-surefire-plugin/xsd/surefire-test-report-3.0.xsd" version="3.0" name="com.atguigu.mybatis.test.SQLMapperTest" time="0.001" tests="1" errors="0" skipped="0" failures="0">
  <properties>
[...]
</properties>
  <testcase name="testGetUserBYLike" classname="com.atguigu.mybatis.test.SQLMapperTest" time="0.0">
    <system-out><![CDATA[DEBUG 03-14 10:18:13,303 ==>  Preparing: select * from t_user where username like '%a%' (BaseJdbcLogger.java:137) 
DEBUG 03-14 10:18:13,304 ==> Parameters:  (BaseJdbcLogger.java:137) 
DEBUG 03-14 10:18:13,306 <==      Total: 0 (BaseJdbcLogger.java:137) 
[]
]]></system-out>
  </testcase>
</testsuite>