<?xml version="1.0" encoding="UTF-8"?>
<testsuite xmlns:xsi="http://www.w3.org/2001/XMLSchema-instance" xsi:noNamespaceSchemaLocation="https://maven.apache.org/surefire/maven-surefire-plugin/xsd/surefire-test-report-3.0.xsd" version="3.0" name="com.atguigu.mybatis.test.PramaterMapperTest" time="1.198" tests="7" errors="2" skipped="0" failures="0">
  <properties>
[...]
</properties>
  <testcase name="testCheckLogin" classname="com.atguigu.mybatis.test.PramaterMapperTest" time="0.847">
    <system-out><![CDATA[log4j: reset attribute= "false".
log4j: Threshold ="null".
log4j: Retreiving an instance of org.apache.log4j.Logger.
log4j: Setting [java.sql] additivity to [true].
log4j: Level value for java.sql is  [debug].
log4j: java.sql level set to DEBUG
log4j: Retreiving an instance of org.apache.log4j.Logger.
log4j: Setting [org.apache.ibatis] additivity to [true].
log4j: Level value for org.apache.ibatis is  [info].
log4j: org.apache.ibatis level set to INFO
log4j: Level value for root is  [debug].
log4j: root level set to DEBUG
log4j: Class name: [org.apache.log4j.ConsoleAppender]
log4j: Setting property [encoding] to [UTF-8].
log4j: Parsing layout of class: "org.apache.log4j.PatternLayout"
log4j: Setting property [conversionPattern] to [%-5p %d{MM-dd HH:mm:ss,SSS} %m (%F:%L) 
].
log4j: Adding appender named [STDOUT] to category [root].
DEBUG 03-14 10:18:12,620 ==>  Preparing: select * from t_user where username = '张三' and password = '123456' (BaseJdbcLogger.java:137) 
DEBUG 03-14 10:18:12,658 ==> Parameters:  (BaseJdbcLogger.java:137) 
DEBUG 03-14 10:18:12,693 <==      Total: 0 (BaseJdbcLogger.java:137) 
null
]]></system-out>
  </testcase>
  <testcase name="testJDBC" classname="com.atguigu.mybatis.test.PramaterMapperTest" time="0.001">
    <error type="java.lang.ClassNotFoundException"><![CDATA[java.lang.ClassNotFoundException: 
	at java.base/java.lang.Class.forName0(Native Method)
	at java.base/java.lang.Class.forName(Class.java:421)
	at java.base/java.lang.Class.forName(Class.java:412)
	at com.atguigu.mybatis.test.PramaterMapperTest.testJDBC(PramaterMapperTest.java:93)
	at java.base/jdk.internal.reflect.DirectMethodHandleAccessor.invoke(DirectMethodHandleAccessor.java:103)
	at java.base/java.lang.reflect.Method.invoke(Method.java:580)
	at org.junit.runners.model.FrameworkMethod$1.runReflectiveCall(FrameworkMethod.java:50)
	at org.junit.internal.runners.model.ReflectiveCallable.run(ReflectiveCallable.java:12)
	at org.junit.runners.model.FrameworkMethod.invokeExplosively(FrameworkMethod.java:47)
	at org.junit.internal.runners.statements.InvokeMethod.evaluate(InvokeMethod.java:17)
	at org.junit.runners.ParentRunner.runLeaf(ParentRunner.java:325)
	at org.junit.runners.BlockJUnit4ClassRunner.runChild(BlockJUnit4ClassRunner.java:78)
	at org.junit.runners.BlockJUnit4ClassRunner.runChild(BlockJUnit4ClassRunner.java:57)
	at org.junit.runners.ParentRunner$3.run(ParentRunner.java:290)
	at org.junit.runners.ParentRunner$1.schedule(ParentRunner.java:71)
	at org.junit.runners.ParentRunner.runChildren(ParentRunner.java:288)
	at org.junit.runners.ParentRunner.access$000(ParentRunner.java:58)
	at org.junit.runners.ParentRunner$2.evaluate(ParentRunner.java:268)
	at org.junit.runners.ParentRunner.run(ParentRunner.java:363)
	at org.apache.maven.surefire.junit4.JUnit4Provider.execute(JUnit4Provider.java:316)
	at org.apache.maven.surefire.junit4.JUnit4Provider.executeWithRerun(JUnit4Provider.java:240)
	at org.apache.maven.surefire.junit4.JUnit4Provider.executeTestSet(JUnit4Provider.java:214)
	at org.apache.maven.surefire.junit4.JUnit4Provider.invoke(JUnit4Provider.java:155)
	at org.apache.maven.surefire.booter.ForkedBooter.runSuitesInProcess(ForkedBooter.java:385)
	at org.apache.maven.surefire.booter.ForkedBooter.execute(ForkedBooter.java:162)
	at org.apache.maven.surefire.booter.ForkedBooter.run(ForkedBooter.java:507)
	at org.apache.maven.surefire.booter.ForkedBooter.main(ForkedBooter.java:495)
]]></error>
  </testcase>
  <testcase name="testCheckLoginByMap" classname="com.atguigu.mybatis.test.PramaterMapperTest" time="0.063">
    <system-out><![CDATA[DEBUG 03-14 10:18:12,752 ==>  Preparing: select * from t_user where username = ? and password = ? (BaseJdbcLogger.java:137) 
DEBUG 03-14 10:18:12,759 ==> Parameters: 张三(String), 123456(String) (BaseJdbcLogger.java:137) 
DEBUG 03-14 10:18:12,763 <==      Total: 0 (BaseJdbcLogger.java:137) 
null
]]></system-out>
  </testcase>
  <testcase name="testCheckLoginByParam" classname="com.atguigu.mybatis.test.PramaterMapperTest" time="0.051">
    <system-out><![CDATA[DEBUG 03-14 10:18:12,812 ==>  Preparing: select * from t_user where username = ? and password = ? (BaseJdbcLogger.java:137) 
DEBUG 03-14 10:18:12,812 ==> Parameters: 张三(String), 123456(String) (BaseJdbcLogger.java:137) 
DEBUG 03-14 10:18:12,815 <==      Total: 0 (BaseJdbcLogger.java:137) 
null
]]></system-out>
  </testcase>
  <testcase name="testGetAllUser" classname="com.atguigu.mybatis.test.PramaterMapperTest" time="0.055">
    <system-out><![CDATA[DEBUG 03-14 10:18:12,868 ==>  Preparing: select * from t_user (BaseJdbcLogger.java:137) 
DEBUG 03-14 10:18:12,869 ==> Parameters:  (BaseJdbcLogger.java:137) 
DEBUG 03-14 10:18:12,870 <==      Total: 0 (BaseJdbcLogger.java:137) 
]]></system-out>
  </testcase>
  <testcase name="testInsertUser" classname="com.atguigu.mybatis.test.PramaterMapperTest" time="0.081">
    <error message="&#10;### Error updating database.  Cause: java.sql.SQLIntegrityConstraintViolationException: Column &apos;id&apos; cannot be null&#10;### The error may exist in com/atguigu/mybatis/mapper/ParameterMapper.xml&#10;### The error may involve defaultParameterMap&#10;### The error occurred while setting parameters&#10;### SQL: insert into t_user values(null,?,?,?,?,?)&#10;### Cause: java.sql.SQLIntegrityConstraintViolationException: Column &apos;id&apos; cannot be null" type="org.apache.ibatis.exceptions.PersistenceException"><![CDATA[org.apache.ibatis.exceptions.PersistenceException: 

### Error updating database.  Cause: java.sql.SQLIntegrityConstraintViolationException: Column 'id' cannot be null
### The error may exist in com/atguigu/mybatis/mapper/ParameterMapper.xml
### The error may involve defaultParameterMap
### The error occurred while setting parameters
### SQL: insert into t_user values(null,?,?,?,?,?)
### Cause: java.sql.SQLIntegrityConstraintViolationException: Column 'id' cannot be null
	at org.apache.ibatis.exceptions.ExceptionFactory.wrapException(ExceptionFactory.java:30)
	at org.apache.ibatis.session.defaults.DefaultSqlSession.update(DefaultSqlSession.java:196)
	at org.apache.ibatis.session.defaults.DefaultSqlSession.insert(DefaultSqlSession.java:181)
	at org.apache.ibatis.binding.MapperMethod.execute(MapperMethod.java:62)
	at org.apache.ibatis.binding.MapperProxy$PlainMethodInvoker.invoke(MapperProxy.java:145)
	at org.apache.ibatis.binding.MapperProxy.invoke(MapperProxy.java:86)
	at jdk.proxy2/jdk.proxy2.$Proxy10.insertUser(Unknown Source)
	at com.atguigu.mybatis.test.PramaterMapperTest.testInsertUser(PramaterMapperTest.java:51)
	at java.base/jdk.internal.reflect.DirectMethodHandleAccessor.invoke(DirectMethodHandleAccessor.java:103)
	at java.base/java.lang.reflect.Method.invoke(Method.java:580)
	at org.junit.runners.model.FrameworkMethod$1.runReflectiveCall(FrameworkMethod.java:50)
	at org.junit.internal.runners.model.ReflectiveCallable.run(ReflectiveCallable.java:12)
	at org.junit.runners.model.FrameworkMethod.invokeExplosively(FrameworkMethod.java:47)
	at org.junit.internal.runners.statements.InvokeMethod.evaluate(InvokeMethod.java:17)
	at org.junit.runners.ParentRunner.runLeaf(ParentRunner.java:325)
	at org.junit.runners.BlockJUnit4ClassRunner.runChild(BlockJUnit4ClassRunner.java:78)
	at org.junit.runners.BlockJUnit4ClassRunner.runChild(BlockJUnit4ClassRunner.java:57)
	at org.junit.runners.ParentRunner$3.run(ParentRunner.java:290)
	at org.junit.runners.ParentRunner$1.schedule(ParentRunner.java:71)
	at org.junit.runners.ParentRunner.runChildren(ParentRunner.java:288)
	at org.junit.runners.ParentRunner.access$000(ParentRunner.java:58)
	at org.junit.runners.ParentRunner$2.evaluate(ParentRunner.java:268)
	at org.junit.runners.ParentRunner.run(ParentRunner.java:363)
	at org.apache.maven.surefire.junit4.JUnit4Provider.execute(JUnit4Provider.java:316)
	at org.apache.maven.surefire.junit4.JUnit4Provider.executeWithRerun(JUnit4Provider.java:240)
	at org.apache.maven.surefire.junit4.JUnit4Provider.executeTestSet(JUnit4Provider.java:214)
	at org.apache.maven.surefire.junit4.JUnit4Provider.invoke(JUnit4Provider.java:155)
	at org.apache.maven.surefire.booter.ForkedBooter.runSuitesInProcess(ForkedBooter.java:385)
	at org.apache.maven.surefire.booter.ForkedBooter.execute(ForkedBooter.java:162)
	at org.apache.maven.surefire.booter.ForkedBooter.run(ForkedBooter.java:507)
	at org.apache.maven.surefire.booter.ForkedBooter.main(ForkedBooter.java:495)
Caused by: java.sql.SQLIntegrityConstraintViolationException: Column 'id' cannot be null
	at com.mysql.cj.jdbc.exceptions.SQLError.createSQLException(SQLError.java:118)
	at com.mysql.cj.jdbc.exceptions.SQLExceptionsMapping.translateException(SQLExceptionsMapping.java:122)
	at com.mysql.cj.jdbc.ClientPreparedStatement.executeInternal(ClientPreparedStatement.java:916)
	at com.mysql.cj.jdbc.ClientPreparedStatement.execute(ClientPreparedStatement.java:354)
	at java.base/jdk.internal.reflect.DirectMethodHandleAccessor.invoke(DirectMethodHandleAccessor.java:103)
	at java.base/java.lang.reflect.Method.invoke(Method.java:580)
	at org.apache.ibatis.logging.jdbc.PreparedStatementLogger.invoke(PreparedStatementLogger.java:59)
	at jdk.proxy3/jdk.proxy3.$Proxy12.execute(Unknown Source)
	at org.apache.ibatis.executor.statement.PreparedStatementHandler.update(PreparedStatementHandler.java:47)
	at org.apache.ibatis.executor.statement.RoutingStatementHandler.update(RoutingStatementHandler.java:74)
	at org.apache.ibatis.executor.SimpleExecutor.doUpdate(SimpleExecutor.java:50)
	at org.apache.ibatis.executor.BaseExecutor.update(BaseExecutor.java:117)
	at org.apache.ibatis.executor.CachingExecutor.update(CachingExecutor.java:76)
	at org.apache.ibatis.session.defaults.DefaultSqlSession.update(DefaultSqlSession.java:194)
	... 29 more
]]></error>
    <system-out><![CDATA[DEBUG 03-14 10:18:12,919 ==>  Preparing: insert into t_user values(null,?,?,?,?,?) (BaseJdbcLogger.java:137) 
DEBUG 03-14 10:18:12,924 ==> Parameters: 李四(String), 123(String), 23(Integer), 男(String), 123@qq.com(String) (BaseJdbcLogger.java:137) 
]]></system-out>
  </testcase>
  <testcase name="testGetUserByUsername" classname="com.atguigu.mybatis.test.PramaterMapperTest" time="0.053">
    <system-out><![CDATA[DEBUG 03-14 10:18:13,001 ==>  Preparing: select * from t_user where username = '张三' (BaseJdbcLogger.java:137) 
DEBUG 03-14 10:18:13,001 ==> Parameters:  (BaseJdbcLogger.java:137) 
DEBUG 03-14 10:18:13,004 <==      Total: 0 (BaseJdbcLogger.java:137) 
null
]]></system-out>
  </testcase>
</testsuite>